<?xml version="1.0" encoding="UTF-8"?>
<!-- Generated by org.testng.reporters.JUnitXMLReporter -->
<testsuite ignored="0" hostname="LAPTOP-NSOK04QR" failures="2" tests="2" name="Default test" time="25.975" errors="0" timestamp="2024-10-03T17:03:17 IST">
  <testcase classname="io.cucumber.testng.AbstractTestNGCucumberTests" name="runScenario" time="13.79">
    <failure type="java.lang.RuntimeException" message="ProductsPage is not initialized">
      <![CDATA[java.lang.RuntimeException: ProductsPage is not initialized
at FITA.StepDefinition.stepDefImplementationCOmpleteOrder.i_add_product_to_cart(stepDefImplementationCOmpleteOrder.java:39)
at ✽.I add product to cart(file:///C:/Users/Akram/eclipse-workspace/SeleniumFramework/src/test/java/Cucumber/submitOrder.feature:8)
]]>
    </failure>
  </testcase> <!-- runScenario -->
  <testcase classname="io.cucumber.testng.AbstractTestNGCucumberTests" name="runScenario" time="11.203">
    <failure type="java.lang.RuntimeException" message="ProductsPage is not initialized">
      <![CDATA[java.lang.RuntimeException: ProductsPage is not initialized
at FITA.StepDefinition.stepDefImplementationCOmpleteOrder.i_add_product_to_cart(stepDefImplementationCOmpleteOrder.java:39)
at ✽.I add product to cart(file:///C:/Users/Akram/eclipse-workspace/SeleniumFramework/src/test/java/Cucumber/submitOrder.feature:8)
]]>
    </failure>
  </testcase> <!-- runScenario -->
</testsuite> <!-- Default test -->
